<?xml version="1.0" encoding="UTF-8"?>
<Site BuildName="(empty)"
	BuildStamp="20231028-1235-Experimental"
	Name="jared-MS-7885"
	Generator="ctest-3.10.2"
	CompilerName="/usr/bin/c++"
	CompilerVersion="7.5.0"
	OSName="Linux"
	Hostname="jared-MS-7885"
	OSRelease="5.4.0-150-generic"
	OSVersion="#167~18.04.1-Ubuntu SMP Wed May 24 00:51:42 UTC 2023"
	OSPlatform="x86_64"
	Is64Bits="1"
	VendorString="GenuineIntel"
	VendorID="Intel Corporation"
	FamilyID="6"
	ModelID="63"
	ProcessorCacheSize="15360"
	NumberOfLogicalCPU="12"
	NumberOfPhysicalCPU="6"
	TotalVirtualMemory="2047"
	TotalPhysicalMemory="15903"
	LogicalProcessorsPerPhysical="2"
	ProcessorClockFrequency="2511.88"
	>
	<Testing>
		<StartDateTime>Oct 28 23:35 AEDT</StartDateTime>
		<StartTestTime>1698496502</StartTestTime>
		<TestList/>
		<EndDateTime>Oct 28 23:35 AEDT</EndDateTime>
		<EndTestTime>1698496502</EndTestTime>
		<ElapsedMinutes>0</ElapsedMinutes>
	</Testing>
</Site>
